<?xml version="1.0" encoding="UTF-8"?>
<testng-results ignored="0" total="1" passed="1" failed="0" skipped="0">
  <reporter-output>
  </reporter-output>
  <suite started-at="2021-12-24T06:29:25Z" name="Default suite" finished-at="2021-12-24T06:29:26Z" duration-ms="836">
    <groups>
    </groups>
    <test started-at="2021-12-24T06:29:25Z" name="Default test" finished-at="2021-12-24T06:29:26Z" duration-ms="836">
      <class name="restassured.completebookings">
        <test-method is-config="true" signature="setUp()[pri:0, instance:restassured.completebookings@25f4878b]" started-at="2021-12-24T06:29:25Z" name="setUp" finished-at="2021-12-24T06:29:25Z" duration-ms="72" status="PASS">
          <reporter-output>
          </reporter-output>
        </test-method> <!-- setUp -->
        <test-method signature="complete_booking()[pri:0, instance:restassured.completebookings@25f4878b]" started-at="2021-12-24T06:29:25Z" name="complete_booking" finished-at="2021-12-24T06:29:26Z" duration-ms="751" status="PASS">
          <reporter-output>
          </reporter-output>
        </test-method> <!-- complete_booking -->
      </class> <!-- restassured.completebookings -->
    </test> <!-- Default test -->
  </suite> <!-- Default suite -->
</testng-results>
