<?xml version="1.0" encoding="UTF-8"?>
<testng-results ignored="0" total="2" passed="2" failed="0" skipped="0">
  <reporter-output>
  </reporter-output>
  <suite started-at="2021-12-24T13:35:45 IST" name="Default suite" finished-at="2021-12-24T13:36:17 IST" duration-ms="32164">
    <groups>
      <group name="cucumber">
        <method signature="AbstractTestNGCucumberTests.runScenario(io.cucumber.testng.PickleWrapper,io.cucumber.testng.FeatureWrapper)[pri:0, instance:com.cisco.AT_Capstone_testscripts.TestRunner@2ed2d9cb]" name="runScenario" class="io.cucumber.testng.AbstractTestNGCucumberTests"/>
      </group> <!-- cucumber -->
    </groups>
    <test started-at="2021-12-24T13:35:45 IST" name="Default test" finished-at="2021-12-24T13:36:17 IST" duration-ms="32164">
      <class name="com.cisco.AT_Capstone_testscripts.TestRunner">
        <test-method is-config="true" signature="setUpClass(org.testng.ITestContext)[pri:0, instance:com.cisco.AT_Capstone_testscripts.TestRunner@2ed2d9cb]" started-at="2021-12-24T13:35:45 IST" name="setUpClass" finished-at="2021-12-24T13:35:45 IST" duration-ms="430" status="PASS">
          <params>
            <param index="0">
              <value>
                <![CDATA[org.testng.TestRunner@4b2e3e8f]]>
              </value>
            </param>
          </params>
          <reporter-output>
          </reporter-output>
        </test-method> <!-- setUpClass -->
        <test-method signature="runScenario(io.cucumber.testng.PickleWrapper,io.cucumber.testng.FeatureWrapper)[pri:0, instance:com.cisco.AT_Capstone_testscripts.TestRunner@2ed2d9cb]" started-at="2021-12-24T13:35:45 IST" name="runScenario" description="Runs Cucumber Scenarios" data-provider="scenarios" finished-at="2021-12-24T13:35:53 IST" duration-ms="7213" status="PASS">
          <params>
            <param index="0">
              <value>
                <![CDATA["SignUp a user"]]>
              </value>
            </param>
            <param index="1">
              <value>
                <![CDATA["Optional[Booking tickets through FlyAway]"]]>
              </value>
            </param>
          </params>
          <reporter-output>
          </reporter-output>
        </test-method> <!-- runScenario -->
        <test-method signature="runScenario(io.cucumber.testng.PickleWrapper,io.cucumber.testng.FeatureWrapper)[pri:0, instance:com.cisco.AT_Capstone_testscripts.TestRunner@2ed2d9cb]" started-at="2021-12-24T13:35:53 IST" name="runScenario" description="Runs Cucumber Scenarios" data-provider="scenarios" finished-at="2021-12-24T13:36:17 IST" duration-ms="24447" status="PASS">
          <params>
            <param index="0">
              <value>
                <![CDATA["Booking of airline"]]>
              </value>
            </param>
            <param index="1">
              <value>
                <![CDATA["Optional[Booking tickets through FlyAway]"]]>
              </value>
            </param>
          </params>
          <reporter-output>
          </reporter-output>
        </test-method> <!-- runScenario -->
        <test-method is-config="true" signature="tearDownClass()[pri:0, instance:com.cisco.AT_Capstone_testscripts.TestRunner@2ed2d9cb]" started-at="2021-12-24T13:36:17 IST" name="tearDownClass" finished-at="2021-12-24T13:36:17 IST" duration-ms="11" status="PASS">
          <reporter-output>
          </reporter-output>
        </test-method> <!-- tearDownClass -->
      </class> <!-- com.cisco.AT_Capstone_testscripts.TestRunner -->
    </test> <!-- Default test -->
  </suite> <!-- Default suite -->
</testng-results>
